<?xml version="1.0" encoding="UTF-8"?>
<!-- Generated by org.testng.reporters.JUnitReportReporter -->
<testsuite hostname="WW7L4117" name="com.lrn.cat.tc.DeletePageTC" tests="1" failures="0" timestamp="16 Jun 2017 17:52:17 GMT" time="3.636" errors="0">
  <testcase name="CatDeletePage" time="3.636" classname="com.lrn.cat.tc.DeletePageTC"/>
</testsuite> <!-- com.lrn.cat.tc.DeletePageTC -->
