<?xml version="1.0" encoding="UTF-8"?>
<!-- Generated by org.testng.reporters.JUnitReportReporter -->
<testsuite hostname="WW7L4117" name="com.lrn.cat.tc.AddPageTC9" tests="1" failures="0" timestamp="26 Jun 2017 21:14:15 GMT" time="14.900" errors="0">
  <testcase name="CatAddPage" time="14.900" classname="com.lrn.cat.tc.AddPageTC9"/>
</testsuite> <!-- com.lrn.cat.tc.AddPageTC9 -->
