<?xml version="1.0" encoding="UTF-8"?>
<!-- Generated by org.testng.reporters.JUnitReportReporter -->
<testsuite hostname="WW7L4117" name="com.lrn.cat.tc.EditDragAndDropTemplateTC" tests="1" failures="0" timestamp="22 Jun 2017 19:13:48 GMT" time="121.511" errors="0">
  <testcase name="CatEditDragAndDropTemplate" time="121.511" classname="com.lrn.cat.tc.EditDragAndDropTemplateTC"/>
</testsuite> <!-- com.lrn.cat.tc.EditDragAndDropTemplateTC -->
