<?xml version="1.0" encoding="UTF-8"?>
<!-- Generated by org.testng.reporters.JUnitReportReporter -->
<testsuite hostname="WW7L4117" name="com.lrn.cat.tc.LockPageTC" tests="1" failures="0" timestamp="16 Jun 2017 17:52:17 GMT" time="31.551" errors="0">
  <testcase name="CatLockPage" time="31.551" classname="com.lrn.cat.tc.LockPageTC"/>
</testsuite> <!-- com.lrn.cat.tc.LockPageTC -->
