<?xml version="1.0" encoding="UTF-8"?>
<!-- Generated by org.testng.reporters.JUnitReportReporter -->
<testsuite hostname="WW7L4117" name="com.lrn.cat.tc.SelectableImageTC" tests="1" failures="0" timestamp="26 Jun 2017 15:45:31 GMT" time="128.560" errors="0">
  <testcase name="SelectableImagePageTC" time="128.560" classname="com.lrn.cat.tc.SelectableImageTC"/>
</testsuite> <!-- com.lrn.cat.tc.SelectableImageTC -->
