<?xml version="1.0" encoding="UTF-8"?>
<!-- Generated by org.testng.reporters.JUnitReportReporter -->
<testsuite hostname="WW7L4117" name="com.lrn.cat.tc.LockPageTC" tests="1" failures="0" timestamp="23 Jun 2017 20:45:35 GMT" time="33.410" errors="0">
  <testcase name="CatLockPage" time="33.410" classname="com.lrn.cat.tc.LockPageTC"/>
</testsuite> <!-- com.lrn.cat.tc.LockPageTC -->
