<?xml version="1.0" encoding="UTF-8"?>
<!-- Generated by org.testng.reporters.JUnitReportReporter -->
<testsuite hostname="WW7L4117" name="com.lrn.cat.tc.CheckInCourseTC" tests="1" failures="0" timestamp="16 Jun 2017 22:53:15 GMT" time="23.745" errors="0">
  <testcase name="CatCheckInCourse" time="23.745" classname="com.lrn.cat.tc.CheckInCourseTC"/>
</testsuite> <!-- com.lrn.cat.tc.CheckInCourseTC -->
