<?xml version="1.0" encoding="UTF-8"?>
<!-- Generated by org.testng.reporters.JUnitReportReporter -->
<testsuite hostname="WW7L4117" name="com.lrn.cat.tc.AddPageTC12" tests="1" failures="0" timestamp="16 Jun 2017 22:53:15 GMT" time="15.044" errors="0">
  <testcase name="CatAddPage" time="15.044" classname="com.lrn.cat.tc.AddPageTC12"/>
</testsuite> <!-- com.lrn.cat.tc.AddPageTC12 -->
