<?xml version="1.0" encoding="UTF-8"?>
<!-- Generated by org.testng.reporters.JUnitReportReporter -->
<testsuite hostname="WW7L4117" name="com.lrn.cat.tc.AddPageTC7" tests="1" failures="0" timestamp="16 Jun 2017 22:53:15 GMT" time="14.960" errors="0">
  <testcase name="CatAddPage" time="14.960" classname="com.lrn.cat.tc.AddPageTC7"/>
</testsuite> <!-- com.lrn.cat.tc.AddPageTC7 -->
