<?xml version="1.0" encoding="UTF-8"?>
<!-- Generated by org.testng.reporters.JUnitReportReporter -->
<testsuite hostname="WW7L4117" name="com.lrn.cat.tc.EditSelectAndRevealTemplateTC" tests="1" failures="0" timestamp="22 Jun 2017 19:13:48 GMT" time="189.094" errors="0">
  <testcase name="CatEditSelectAndRevealTemplate" time="189.094" classname="com.lrn.cat.tc.EditSelectAndRevealTemplateTC"/>
</testsuite> <!-- com.lrn.cat.tc.EditSelectAndRevealTemplateTC -->
