<?xml version="1.0" encoding="UTF-8"?>
<!-- Generated by org.testng.reporters.JUnitReportReporter -->
<testsuite hostname="WW7L4117" name="com.lrn.cat.tc.LockPageTC" tests="1" failures="0" timestamp="16 Jun 2017 22:53:15 GMT" time="33.379" errors="0">
  <testcase name="CatLockPage" time="33.379" classname="com.lrn.cat.tc.LockPageTC"/>
</testsuite> <!-- com.lrn.cat.tc.LockPageTC -->
