<?xml version="1.0" encoding="UTF-8"?>
<!-- Generated by org.testng.reporters.JUnitReportReporter -->
<testsuite hostname="WW7L4117" name="com.lrn.cat.tc.PublishCourseTC" tests="1" failures="0" timestamp="26 Jun 2017 15:45:32 GMT" time="42.613" errors="0">
  <testcase name="CatPublishCourse" time="42.613" classname="com.lrn.cat.tc.PublishCourseTC"/>
</testsuite> <!-- com.lrn.cat.tc.PublishCourseTC -->
