<?xml version="1.0" encoding="UTF-8"?>
<!-- Generated by org.testng.reporters.JUnitReportReporter -->
<testsuite hostname="WW7L4117" name="com.lrn.cat.tc.EditGetStartedTC" tests="1" failures="0" timestamp="26 Jun 2017 15:45:31 GMT" time="13.701" errors="0">
  <testcase name="CatEditGetStarted" time="13.701" classname="com.lrn.cat.tc.EditGetStartedTC"/>
</testsuite> <!-- com.lrn.cat.tc.EditGetStartedTC -->
