<?xml version="1.0" encoding="UTF-8"?>
<!-- Generated by org.testng.reporters.JUnitReportReporter -->
<testsuite hostname="WW7L4117" name="com.lrn.cat.tc.AddPageTC10" tests="1" failures="0" timestamp="16 Jun 2017 17:52:17 GMT" time="15.032" errors="0">
  <testcase name="CatAddPage" time="15.032" classname="com.lrn.cat.tc.AddPageTC10"/>
</testsuite> <!-- com.lrn.cat.tc.AddPageTC10 -->
