<?xml version="1.0" encoding="UTF-8"?>
<!-- Generated by org.testng.reporters.JUnitReportReporter -->
<testsuite hostname="WW7L4117" name="com.lrn.cat.tc.EditCarouselTemplateTC" tests="1" failures="0" timestamp="22 Jun 2017 19:13:47 GMT" time="98.517" errors="0">
  <testcase name="CatEditCarouselTemplate" time="98.517" classname="com.lrn.cat.tc.EditCarouselTemplateTC"/>
</testsuite> <!-- com.lrn.cat.tc.EditCarouselTemplateTC -->
