<?xml version="1.0" encoding="UTF-8"?>
<!-- Generated by org.testng.reporters.JUnitReportReporter -->
<testsuite hostname="WW7L4117" name="com.lrn.cat.tc.HidePageTC" tests="1" failures="0" timestamp="21 Jun 2017 21:15:04 GMT" time="31.926" errors="0">
  <testcase name="CatHidePage" time="31.926" classname="com.lrn.cat.tc.HidePageTC"/>
</testsuite> <!-- com.lrn.cat.tc.HidePageTC -->
