<?xml version="1.0" encoding="UTF-8"?>
<!-- Generated by org.testng.reporters.JUnitReportReporter -->
<testsuite hostname="WW7L4117" name="com.lrn.cat.tc.AddPageTC10" tests="1" failures="0" timestamp="28 Jun 2017 20:13:34 GMT" time="15.095" errors="0">
  <testcase name="CatAddPage" time="15.095" classname="com.lrn.cat.tc.AddPageTC10"/>
</testsuite> <!-- com.lrn.cat.tc.AddPageTC10 -->
