<?xml version="1.0" encoding="UTF-8"?>
<!-- Generated by org.testng.reporters.JUnitReportReporter -->
<testsuite hostname="WW7L4117" name="com.lrn.cat.tc.AddPageTC4" tests="1" failures="0" timestamp="23 Jun 2017 20:45:35 GMT" time="14.861" errors="0">
  <testcase name="CatAddPage" time="14.861" classname="com.lrn.cat.tc.AddPageTC4"/>
</testsuite> <!-- com.lrn.cat.tc.AddPageTC4 -->
