<?xml version="1.0" encoding="UTF-8"?>
<!-- Generated by org.testng.reporters.JUnitReportReporter -->
<testsuite hostname="WW7L4117" name="com.lrn.cat.tc.EditCertificationTC" tests="1" failures="0" timestamp="22 Jun 2017 19:13:47 GMT" time="157.992" errors="0">
  <testcase name="CatEditCertificationTC" time="157.992" classname="com.lrn.cat.tc.EditCertificationTC"/>
</testsuite> <!-- com.lrn.cat.tc.EditCertificationTC -->
