<?xml version="1.0" encoding="UTF-8"?>
<!-- Generated by org.testng.reporters.JUnitReportReporter -->
<testsuite hostname="WW7L4117" name="com.lrn.cat.tc.SelectableImageTC" tests="1" failures="0" timestamp="21 Jun 2017 21:15:04 GMT" time="129.970" errors="0">
  <testcase name="SelectableImagePageTC" time="129.970" classname="com.lrn.cat.tc.SelectableImageTC"/>
</testsuite> <!-- com.lrn.cat.tc.SelectableImageTC -->
