<?xml version="1.0" encoding="UTF-8"?>
<!-- Generated by org.testng.reporters.JUnitReportReporter -->
<testsuite hostname="WW7L4117" name="com.lrn.cat.tc.TileMenuTC" tests="1" failures="0" timestamp="26 Jun 2017 15:45:31 GMT" time="103.604" errors="0">
  <testcase name="CatTileMenu" time="103.604" classname="com.lrn.cat.tc.TileMenuTC"/>
</testsuite> <!-- com.lrn.cat.tc.TileMenuTC -->
