<?xml version="1.0" encoding="UTF-8"?>
<!-- Generated by org.testng.reporters.JUnitReportReporter -->
<testsuite hostname="WW7L4117" name="com.lrn.cat.tc.AddPageTC" tests="1" failures="0" timestamp="16 Jun 2017 17:52:17 GMT" time="14.820" errors="0">
  <testcase name="CatAddPage" time="14.820" classname="com.lrn.cat.tc.AddPageTC"/>
</testsuite> <!-- com.lrn.cat.tc.AddPageTC -->
