<?xml version="1.0" encoding="UTF-8"?>
<!-- Generated by org.testng.reporters.JUnitReportReporter -->
<testsuite hostname="WW7L4117" name="com.lrn.cat.tc.AddPageTC10" tests="1" failures="0" timestamp="22 Jun 2017 19:13:47 GMT" time="15.047" errors="0">
  <testcase name="CatAddPage" time="15.047" classname="com.lrn.cat.tc.AddPageTC10"/>
</testsuite> <!-- com.lrn.cat.tc.AddPageTC10 -->
