<?xml version="1.0" encoding="UTF-8"?>
<!-- Generated by org.testng.reporters.JUnitReportReporter -->
<testsuite hostname="MUMW7L167" name="com.lrn.cat.tc.LCECLoginTC" tests="1" failures="0" timestamp="14 Jul 2017 14:56:54 GMT" time="4.070" errors="0">
  <testcase name="login" time="4.070" classname="com.lrn.cat.tc.LCECLoginTC"/>
</testsuite> <!-- com.lrn.cat.tc.LCECLoginTC -->
