<?xml version="1.0" encoding="UTF-8"?>
<!-- Generated by org.testng.reporters.JUnitReportReporter -->
<testsuite hostname="WW7L4117" name="com.lrn.cat.tc.LandingPageTC" tests="1" failures="0" timestamp="26 Jun 2017 15:45:32 GMT" time="35.197" errors="0">
  <testcase name="CatLandingPage" time="35.197" classname="com.lrn.cat.tc.LandingPageTC"/>
</testsuite> <!-- com.lrn.cat.tc.LandingPageTC -->
