<?xml version="1.0" encoding="UTF-8"?>
<!-- Generated by org.testng.reporters.JUnitReportReporter -->
<testsuite hostname="WW7L4117" name="com.lrn.cat.tc.AddPageTC1" tests="1" failures="0" timestamp="22 Jun 2017 19:13:48 GMT" time="14.857" errors="0">
  <testcase name="CatAddPage" time="14.857" classname="com.lrn.cat.tc.AddPageTC1"/>
</testsuite> <!-- com.lrn.cat.tc.AddPageTC1 -->
