<?xml version="1.0" encoding="UTF-8"?>
<!-- Generated by org.testng.reporters.JUnitReportReporter -->
<testsuite hostname="WW7L4117" name="com.lrn.cat.tc.EditVideoTemplateTC" tests="1" failures="0" timestamp="26 Jun 2017 21:14:15 GMT" time="178.682" errors="0">
  <testcase name="CatEditVideoTemplate" time="178.682" classname="com.lrn.cat.tc.EditVideoTemplateTC"/>
</testsuite> <!-- com.lrn.cat.tc.EditVideoTemplateTC -->
