<?xml version="1.0" encoding="UTF-8"?>
<!-- Generated by org.testng.reporters.JUnitReportReporter -->
<testsuite hostname="MUMW7L167" name="com.lrn.cat.tc.ModuleManagerTC" tests="1" failures="0" timestamp="14 Jul 2017 14:56:54 GMT" time="60.283" errors="0">
  <testcase name="searchModule" time="60.283" classname="com.lrn.cat.tc.ModuleManagerTC"/>
</testsuite> <!-- com.lrn.cat.tc.ModuleManagerTC -->
