<?xml version="1.0" encoding="UTF-8"?>
<!-- Generated by org.testng.reporters.JUnitReportReporter -->
<testsuite hostname="WW7L4117" name="com.lrn.cat.tc.LogoutTC" tests="1" failures="0" timestamp="22 Jun 2017 19:13:48 GMT" time="2.989" errors="0">
  <testcase name="CatLogicTC" time="2.989" classname="com.lrn.cat.tc.LogoutTC"/>
</testsuite> <!-- com.lrn.cat.tc.LogoutTC -->
