<?xml version="1.0" encoding="UTF-8"?>
<!-- Generated by org.testng.reporters.JUnitReportReporter -->
<testsuite hostname="WW7L4117" name="com.lrn.cat.tc.SearchCourseTC" tests="1" failures="0" timestamp="5 May 2017 21:34:17 GMT" time="2.052" errors="0">
  <testcase name="CatLogicTC" time="2.052" classname="com.lrn.cat.tc.SearchCourseTC"/>
</testsuite> <!-- com.lrn.cat.tc.SearchCourseTC -->
