<?xml version="1.0" encoding="UTF-8"?>
<!-- Generated by org.testng.reporters.JUnitReportReporter -->
<testsuite hostname="WW7L4117" name="com.lrn.cat.tc.EditSelectAndRevealTemplateTC" tests="1" failures="0" timestamp="26 Jun 2017 15:45:31 GMT" time="191.041" errors="0">
  <testcase name="CatEditSelectAndRevealTemplate" time="191.041" classname="com.lrn.cat.tc.EditSelectAndRevealTemplateTC"/>
</testsuite> <!-- com.lrn.cat.tc.EditSelectAndRevealTemplateTC -->
