<?xml version="1.0" encoding="UTF-8"?>
<!-- Generated by org.testng.reporters.JUnitReportReporter -->
<testsuite hostname="WW7L4117" name="com.lrn.cat.tc.CopyNodeTC" tests="1" failures="0" timestamp="28 Jun 2017 20:13:34 GMT" time="31.591" errors="0">
  <testcase name="CatCopyNode" time="31.591" classname="com.lrn.cat.tc.CopyNodeTC"/>
</testsuite> <!-- com.lrn.cat.tc.CopyNodeTC -->
