<?xml version="1.0" encoding="UTF-8"?>
<!-- Generated by org.testng.reporters.JUnitReportReporter -->
<testsuite hostname="WW7L4117" name="com.lrn.cat.tc.PublishCourseTC" tests="1" failures="0" timestamp="28 Jun 2017 20:13:34 GMT" time="47.339" errors="0">
  <testcase name="CatPublishCourse" time="47.339" classname="com.lrn.cat.tc.PublishCourseTC"/>
</testsuite> <!-- com.lrn.cat.tc.PublishCourseTC -->
